<?xml version="1.0" encoding="UTF-8"?>
<!-- Generated by org.testng.reporters.JUnitReportReporter -->
<testsuite skipped="0" hostname="dell-PC" name="seleniumTests.DatabaseConnectivity" tests="1" failures="0" timestamp="08 Jul 2018 16:25:07 GMT" time="0.019" errors="0">
  <testcase name="test" time="0.019" classname="seleniumTests.DatabaseConnectivity"/>
</testsuite> <!-- seleniumTests.DatabaseConnectivity -->
