<?xml version="1.0" encoding="UTF-8"?>
<!-- Generated by org.testng.reporters.JUnitReportReporter -->
<testsuite hostname="dell-PC" name="seleniumTests.TestNGPractise" tests="2" failures="0" timestamp="9 Aug 2018 14:37:18 GMT" time="0.002" errors="0">
  <testcase name="test1" time="0.000" classname="seleniumTests.TestNGPractise"/>
  <testcase name="test2" time="0.002" classname="seleniumTests.TestNGPractise"/>
</testsuite> <!-- seleniumTests.TestNGPractise -->
