<?xml version="1.0" encoding="UTF-8"?>
<!-- Generated by org.testng.reporters.JUnitReportReporter -->
<testsuite hostname="dell-PC" name="seleniumTests.TestNG2" tests="3" failures="0" timestamp="9 Aug 2018 14:37:18 GMT" time="0.008" errors="0">
  <testcase name="test2" time="0.002" classname="seleniumTests.TestNG2"/>
  <testcase name="test1" time="0.002" classname="seleniumTests.TestNG2"/>
  <testcase name="loginApp1" time="0.004" classname="seleniumTests.TestNG2"/>
</testsuite> <!-- seleniumTests.TestNG2 -->
